Using pre-set license
Built from '2020.3/staging' branch; Version is '2020.3.3f1 (76626098c1c4) revision 7758432'; Using compiler version '192528614'; Build Type 'Release'
OS: 'Windows 10 Home; OS build 22000.556; Version 2009; 64bit' Language: 'en' Physical Memory: 32682 MB
BatchMode: 1, IsHumanControllingUs: 0, StartBugReporterOnCrash: 0, Is64bit: 1, IsPro: 0

 COMMAND LINE ARGUMENTS:
C:\UnityEditor\2020.3.3f1\Editor\Unity.exe
-adb2
-batchMode
-noUpm
-name
AssetImportWorker0
-projectPath
C:/Users/User/Documents/Projects/EscapeTheBus
-logFile
Logs/AssetImportWorker0.log
-srvPort
60558
Successfully changed project path to: C:/Users/User/Documents/Projects/EscapeTheBus
C:/Users/User/Documents/Projects/EscapeTheBus
Using Asset Import Pipeline V2.
Refreshing native plugins compatible for Editor in 15.90 ms, found 0 plugins.
Preloading 0 native plugins for Editor in 0.00 ms.
Initialize engine version: 2020.3.3f1 (76626098c1c4)
[Subsystems] Discovering subsystems at path C:/UnityEditor/2020.3.3f1/Editor/Data/Resources/UnitySubsystems
[Subsystems] Discovering subsystems at path C:/Users/User/Documents/Projects/EscapeTheBus/Assets
GfxDevice: creating device client; threaded=0
Direct3D:
    Version:  Direct3D 11.0 [level 11.1]
    Renderer: NVIDIA GeForce RTX 3060 Ti (ID=0x2489)
    Vendor:   
    VRAM:     8050 MB
    Driver:   30.0.15.1109
Initialize mono
Mono path[0] = 'C:/UnityEditor/2020.3.3f1/Editor/Data/Managed'
Mono path[1] = 'C:/UnityEditor/2020.3.3f1/Editor/Data/MonoBleedingEdge/lib/mono/unityjit'
Mono config path = 'C:/UnityEditor/2020.3.3f1/Editor/Data/MonoBleedingEdge/etc'
Using monoOptions --debugger-agent=transport=dt_socket,embedding=1,server=y,suspend=n,address=127.0.0.1:56024
Begin MonoManager ReloadAssembly
Registering precompiled unity dll's ...
Register platform support module: C:/UnityEditor/2020.3.3f1/Editor/Data/PlaybackEngines/WindowsStandaloneSupport/UnityEditor.WindowsStandalone.Extensions.dll
Registered in 0.001033 seconds.
Native extension for WindowsStandalone target not found
Refreshing native plugins compatible for Editor in 16.94 ms, found 0 plugins.
Preloading 0 native plugins for Editor in 0.00 ms.
Invoked RoslynAnalysisRunner static constructor.
RoslynAnalysisRunner will not be running.
RoslynAnalysisRunner has terminated.
Mono: successfully reloaded assembly
- Completed reload, in  1.543 seconds
Platform modules already initialized, skipping
Registering precompiled user dll's ...
Registered in 0.000380 seconds.
Begin MonoManager ReloadAssembly
Native extension for WindowsStandalone target not found
Refreshing native plugins compatible for Editor in 0.22 ms, found 0 plugins.
Preloading 0 native plugins for Editor in 0.00 ms.
Invoked RoslynAnalysisRunner static constructor.
RoslynAnalysisRunner will not be running.
RoslynAnalysisRunner has terminated.
Mono: successfully reloaded assembly
- Completed reload, in  0.517 seconds
Platform modules already initialized, skipping
========================================================================
Worker process is ready to serve import requests
Launched and connected shader compiler UnityShaderCompiler.exe after 0.03 seconds
Refreshing native plugins compatible for Editor in 0.23 ms, found 0 plugins.
Preloading 0 native plugins for Editor in 0.00 ms.
Unloading 1126 Unused Serialized files (Serialized files now loaded: 0)
System memory in use before: 57.8 MB.
System memory in use after: 57.8 MB.

Unloading 9 unused Assets to reduce memory usage. Loaded Objects now: 1574.
Total: 1.560600 ms (FindLiveObjects: 0.129300 ms CreateObjectMapping: 0.023100 ms MarkObjects: 1.360200 ms  DeleteObjects: 0.047000 ms)

========================================================================
Received Import Request.
  path: Assets/Scenes
  artifactKey: Guid(96926b9eae521b94aa05e00e3834c269) Importer(815301076,1909f56bfc062723c751e8b465ee728b)
Start importing Assets/Scenes using Guid(96926b9eae521b94aa05e00e3834c269) Importer(815301076,1909f56bfc062723c751e8b465ee728b)  -> (artifact id: '3019fa475c8c7af64d1a9c5a76632a06') in 0.006121 seconds
  Import took 0.007603 seconds .

========================================================================
Received Import Request.
  Time since last request: 6.709089 seconds.
  path: Assets/Scenes/Test.unity
  artifactKey: Guid(6111b1150fe9142f5992ba90c247e30b) Importer(815301076,1909f56bfc062723c751e8b465ee728b)
Start importing Assets/Scenes/Test.unity using Guid(6111b1150fe9142f5992ba90c247e30b) Importer(815301076,1909f56bfc062723c751e8b465ee728b)  -> (artifact id: '69c9cd3a3098c7565e1aa88ad12c0281') in 0.010853 seconds
  Import took 0.012700 seconds .

========================================================================
Received Import Request.
  Time since last request: 6.833229 seconds.
  path: Assets/Scenes/Test
  artifactKey: Guid(c1e3345ae02b141daa3366c0849a7244) Importer(815301076,1909f56bfc062723c751e8b465ee728b)
Start importing Assets/Scenes/Test using Guid(c1e3345ae02b141daa3366c0849a7244) Importer(815301076,1909f56bfc062723c751e8b465ee728b)  -> (artifact id: '0129ed9c101471a407ed3429373eb8fc') in 0.006390 seconds
  Import took 0.008093 seconds .

========================================================================
Received Import Request.
  Time since last request: 27.004905 seconds.
  path: Assets/Fonts/dotim/ReadMe.txt
  artifactKey: Guid(e1d3f9723f144194ab78b69d2ffc849f) Importer(815301076,1909f56bfc062723c751e8b465ee728b)
Start importing Assets/Fonts/dotim/ReadMe.txt using Guid(e1d3f9723f144194ab78b69d2ffc849f) Importer(815301076,1909f56bfc062723c751e8b465ee728b)  -> (artifact id: 'b9beb77e183b770413bc9dfab25a0cc6') in 0.044992 seconds
  Import took 0.046706 seconds .

